<?xml version="1.0" encoding="UTF-8"?>
<testng-results ignored="0" total="4" passed="4" failed="0" skipped="0">
  <reporter-output>
  </reporter-output>
  <suite started-at="2019-03-27T20:26:30 CET" name="Runner.TestRunner" finished-at="2019-03-27T20:27:11 CET" duration-ms="40873">
    <groups>
      <group name="cucumber">
        <method signature="AbstractTestNGCucumberTests.runScenario(cucumber.api.testng.PickleEventWrapper, cucumber.api.testng.CucumberFeatureWrapper)[pri:0, instance:Runner.TestRunner@2c767a52]" name="runScenario" class="cucumber.api.testng.AbstractTestNGCucumberTests"/>
      </group> <!-- cucumber -->
    </groups>
    <test started-at="2019-03-27T20:26:30 CET" name="Command line test" finished-at="2019-03-27T20:27:11 CET" duration-ms="40873">
      <class name="Runner.TestRunner">
        <test-method is-config="true" signature="setUpClass()[pri:0, instance:Runner.TestRunner@2c767a52]" started-at="2019-03-27T20:26:30 CET" name="setUpClass" finished-at="2019-03-27T20:26:30 CET" duration-ms="93" status="PASS">
          <reporter-output>
          </reporter-output>
        </test-method> <!-- setUpClass -->
        <test-method signature="runScenario(cucumber.api.testng.PickleEventWrapper, cucumber.api.testng.CucumberFeatureWrapper)[pri:0, instance:Runner.TestRunner@2c767a52]" started-at="2019-03-27T20:26:30 CET" name="runScenario" description="Runs Cucumber Scenarios" data-provider="scenarios" finished-at="2019-03-27T20:26:42 CET" duration-ms="11960" status="PASS">
          <params>
            <param index="0">
              <value>
                <![CDATA["User login verification"]]>
              </value>
            </param>
            <param index="1">
              <value>
                <![CDATA["Login option"]]>
              </value>
            </param>
          </params>
          <reporter-output>
          </reporter-output>
        </test-method> <!-- runScenario -->
        <test-method signature="runScenario(cucumber.api.testng.PickleEventWrapper, cucumber.api.testng.CucumberFeatureWrapper)[pri:0, instance:Runner.TestRunner@2c767a52]" started-at="2019-03-27T20:26:42 CET" name="runScenario" description="Runs Cucumber Scenarios" data-provider="scenarios" finished-at="2019-03-27T20:26:51 CET" duration-ms="8677" status="PASS">
          <params>
            <param index="0">
              <value>
                <![CDATA["Verification of not existing user account"]]>
              </value>
            </param>
            <param index="1">
              <value>
                <![CDATA["Login option"]]>
              </value>
            </param>
          </params>
          <reporter-output>
          </reporter-output>
        </test-method> <!-- runScenario -->
        <test-method signature="runScenario(cucumber.api.testng.PickleEventWrapper, cucumber.api.testng.CucumberFeatureWrapper)[pri:0, instance:Runner.TestRunner@2c767a52]" started-at="2019-03-27T20:26:51 CET" name="runScenario" description="Runs Cucumber Scenarios" data-provider="scenarios" finished-at="2019-03-27T20:27:01 CET" duration-ms="10262" status="PASS">
          <params>
            <param index="0">
              <value>
                <![CDATA["User accounts creation"]]>
              </value>
            </param>
            <param index="1">
              <value>
                <![CDATA["Create user account"]]>
              </value>
            </param>
          </params>
          <reporter-output>
          </reporter-output>
        </test-method> <!-- runScenario -->
        <test-method signature="runScenario(cucumber.api.testng.PickleEventWrapper, cucumber.api.testng.CucumberFeatureWrapper)[pri:0, instance:Runner.TestRunner@2c767a52]" started-at="2019-03-27T20:27:01 CET" name="runScenario" description="Runs Cucumber Scenarios" data-provider="scenarios" finished-at="2019-03-27T20:27:11 CET" duration-ms="9715" status="PASS">
          <params>
            <param index="0">
              <value>
                <![CDATA["User accounts creation"]]>
              </value>
            </param>
            <param index="1">
              <value>
                <![CDATA["Create user account"]]>
              </value>
            </param>
          </params>
          <reporter-output>
          </reporter-output>
        </test-method> <!-- runScenario -->
        <test-method is-config="true" signature="tearDownClass()[pri:0, instance:Runner.TestRunner@2c767a52]" started-at="2019-03-27T20:27:11 CET" name="tearDownClass" finished-at="2019-03-27T20:27:11 CET" duration-ms="109" status="PASS">
          <reporter-output>
          </reporter-output>
        </test-method> <!-- tearDownClass -->
      </class> <!-- Runner.TestRunner -->
    </test> <!-- Command line test -->
  </suite> <!-- Runner.TestRunner -->
</testng-results>
